2025-12-29 14:53:24,620 [Worker-7: Loading available Gradle versions] INFO  o.e.b.c.i.u.g.PublishedGradleVersions - Gradle version information cache is not available. Remote download required.
2025-12-29 14:58:46,724 [Worker-6: Importing Maven projects] INFO  o.e.m.c.i.l.LifecycleMappingFactory - Using org.eclipse.m2e.jdt.JarLifecycleMapping lifecycle mapping for MavenProject: com.linknest:linknest-api:0.0.1-SNAPSHOT @ D:\Spring Boot\Secure Social Media\linknest-api\pom.xml.
2025-12-29 14:58:47,978 [Worker-6: Importing Maven projects] INFO  o.e.m.c.i.e.AbstractTransferListenerAdapter - Downloading https://repo.maven.apache.org/maven2/org/postgresql/postgresql/42.7.8/postgresql-42.7.8.pom
2025-12-29 14:58:47,994 [Worker-6: Importing Maven projects] INFO  o.e.m.c.i.e.AbstractTransferListenerAdapter - Downloaded https://repo.maven.apache.org/maven2/org/postgresql/postgresql/42.7.8/postgresql-42.7.8.pom
2025-12-29 14:58:48,125 [Worker-6: Importing Maven projects] INFO  o.e.m.c.i.e.AbstractTransferListenerAdapter - Downloading https://repo.maven.apache.org/maven2/org/checkerframework/checker-qual/3.49.5/checker-qual-3.49.5.pom
2025-12-29 14:58:48,127 [Worker-6: Importing Maven projects] INFO  o.e.m.c.i.e.AbstractTransferListenerAdapter - Downloaded https://repo.maven.apache.org/maven2/org/checkerframework/checker-qual/3.49.5/checker-qual-3.49.5.pom
2025-12-29 14:58:48,418 [Worker-6: Importing Maven projects] INFO  o.e.m.c.i.e.AbstractTransferListenerAdapter - Downloading https://repo.maven.apache.org/maven2/org/postgresql/postgresql/42.7.8/postgresql-42.7.8.jar
2025-12-29 14:58:48,648 [Worker-6: Importing Maven projects] INFO  o.e.m.c.i.e.AbstractTransferListenerAdapter - Downloaded https://repo.maven.apache.org/maven2/org/postgresql/postgresql/42.7.8/postgresql-42.7.8.jar
2025-12-29 14:58:48,733 [BasicRepositoryConnector-repo.maven.apache.org-0-0] INFO  o.e.m.c.i.e.AbstractTransferListenerAdapter - Downloading https://repo.maven.apache.org/maven2/org/checkerframework/checker-qual/3.49.5/checker-qual-3.49.5.jar
2025-12-29 14:58:48,765 [BasicRepositoryConnector-repo.maven.apache.org-0-0] INFO  o.e.m.c.i.e.AbstractTransferListenerAdapter - Downloaded https://repo.maven.apache.org/maven2/org/checkerframework/checker-qual/3.49.5/checker-qual-3.49.5.jar
2025-12-29 14:58:49,606 [Worker-6: Importing Maven projects] INFO  o.e.m.j.i.AbstractJavaProjectConfigurator - Adding source folder /linknest-api/src/main/java
2025-12-29 14:58:49,607 [Worker-6: Importing Maven projects] INFO  o.e.m.j.i.AbstractJavaProjectConfigurator - Adding resource folder /linknest-api/src/main/resources
2025-12-29 14:58:49,611 [Worker-6: Importing Maven projects] INFO  o.e.m.j.i.AbstractJavaProjectConfigurator - Adding resource folder /linknest-api/src/main/resources
2025-12-29 14:58:49,614 [Worker-6: Importing Maven projects] INFO  o.e.m.j.i.AbstractJavaProjectConfigurator - Adding source folder /linknest-api/src/test/java
2025-12-29 14:58:49,615 [Worker-6: Importing Maven projects] INFO  o.e.m.j.i.AbstractJavaProjectConfigurator - Adding resource folder /linknest-api/src/test/resources
2025-12-29 14:58:50,659 [Worker-6: Importing Maven projects] INFO  o.e.m.c.i.p.ProjectConfigurationManager - Imported and configured 1 project(s) in 6 sec
2025-12-29 14:58:50,669 [Worker-20: Download sources and javadoc] INFO  o.e.m.c.i.e.AbstractTransferListenerAdapter - Downloading https://repo.maven.apache.org/maven2/org/postgresql/postgresql/42.7.8/postgresql-42.7.8-sources.jar
2025-12-29 14:58:51,134 [Worker-20: Download sources and javadoc] INFO  o.e.m.c.i.e.AbstractTransferListenerAdapter - Downloaded https://repo.maven.apache.org/maven2/org/postgresql/postgresql/42.7.8/postgresql-42.7.8-sources.jar
2025-12-29 14:58:51,139 [Worker-20: Download sources and javadoc] INFO  o.e.m.j.internal.DownloadSourcesJob - Downloaded sources for org.postgresql:postgresql:42.7.8
2025-12-29 14:58:51,324 [Worker-20: Download sources and javadoc] INFO  o.e.m.c.i.e.AbstractTransferListenerAdapter - Downloading https://repo.maven.apache.org/maven2/org/checkerframework/checker-qual/3.49.5/checker-qual-3.49.5-sources.jar
2025-12-29 14:58:51,639 [Worker-20: Download sources and javadoc] INFO  o.e.m.c.i.e.AbstractTransferListenerAdapter - Downloaded https://repo.maven.apache.org/maven2/org/checkerframework/checker-qual/3.49.5/checker-qual-3.49.5-sources.jar
2025-12-29 14:58:51,643 [Worker-20: Download sources and javadoc] INFO  o.e.m.j.internal.DownloadSourcesJob - Downloaded sources for org.checkerframework:checker-qual:3.49.5
2025-12-29 14:58:53,615 [Worker-24: Building] INFO  o.a.m.s.f.DefaultMavenResourcesFiltering - Copying 1 resource from src\main\resources to target\classes
2025-12-29 14:58:53,673 [Worker-24: Building] INFO  o.a.m.s.f.DefaultMavenResourcesFiltering - Copying 0 resource from src\main\resources to target\classes
2025-12-29 14:58:53,678 [Worker-24: Building] INFO  o.a.m.s.f.DefaultMavenResourcesFiltering - skip non existing resourceDirectory D:\Spring Boot\Secure Social Media\linknest-api\src\test\resources
2025-12-29 15:07:08,992 [Worker-18: Building] INFO  o.a.m.s.f.DefaultMavenResourcesFiltering - Copying 1 resource from src\main\resources to target\classes
2025-12-29 15:07:09,003 [Worker-18: Building] INFO  o.a.m.s.f.DefaultMavenResourcesFiltering - Copying 0 resource from src\main\resources to target\classes
2025-12-29 15:07:09,010 [Worker-18: Building] INFO  o.a.m.s.f.DefaultMavenResourcesFiltering - skip non existing resourceDirectory D:\Spring Boot\Secure Social Media\linknest-api\src\test\resources
2025-12-29 15:07:36,965 [Worker-26: Building] INFO  o.a.m.s.f.DefaultMavenResourcesFiltering - Copying 1 resource from src\main\resources to target\classes
2025-12-29 15:07:36,980 [Worker-26: Building] INFO  o.a.m.s.f.DefaultMavenResourcesFiltering - Copying 0 resource from src\main\resources to target\classes
2025-12-29 15:07:36,986 [Worker-26: Building] INFO  o.a.m.s.f.DefaultMavenResourcesFiltering - skip non existing resourceDirectory D:\Spring Boot\Secure Social Media\linknest-api\src\test\resources
2025-12-29 15:08:51,357 [Worker-12: Launching Executing clean in D__Spring Boot_Secure Social Media_linknest-api] INFO  o.eclipse.m2e.core.internal.Bundles - getClasspathEntries(Bundle=org.eclipse.m2e.maven.runtime_3.9.900.20250220-2013 [833])
2025-12-29 15:08:51,362 [Worker-12: Launching Executing clean in D__Spring Boot_Secure Social Media_linknest-api] INFO  o.eclipse.m2e.core.internal.Bundles - 	Entry: C:\Software\spring-tool-suite-4-4.28.1.RELEASE-e4.34.0-win32.win32.x86_64\sts-4.28.1.RELEASE\plugins\org.eclipse.m2e.maven.runtime_3.9.900.20250220-2013
2025-12-29 15:08:51,362 [Worker-12: Launching Executing clean in D__Spring Boot_Secure Social Media_linknest-api] INFO  o.eclipse.m2e.core.internal.Bundles - 	Entry: C:\Software\spring-tool-suite-4-4.28.1.RELEASE-e4.34.0-win32.win32.x86_64\sts-4.28.1.RELEASE\plugins\org.eclipse.m2e.maven.runtime_3.9.900.20250220-2013\jars\aopalliance-1.0.jar
2025-12-29 15:08:51,363 [Worker-12: Launching Executing clean in D__Spring Boot_Secure Social Media_linknest-api] INFO  o.eclipse.m2e.core.internal.Bundles - 	Entry: C:\Software\spring-tool-suite-4-4.28.1.RELEASE-e4.34.0-win32.win32.x86_64\sts-4.28.1.RELEASE\plugins\org.eclipse.m2e.maven.runtime_3.9.900.20250220-2013\jars\guice-5.1.0.jar
2025-12-29 15:08:51,363 [Worker-12: Launching Executing clean in D__Spring Boot_Secure Social Media_linknest-api] INFO  o.eclipse.m2e.core.internal.Bundles - 	Entry: C:\Software\spring-tool-suite-4-4.28.1.RELEASE-e4.34.0-win32.win32.x86_64\sts-4.28.1.RELEASE\plugins\org.eclipse.m2e.maven.runtime_3.9.900.20250220-2013\jars\httpclient-4.5.14.jar
2025-12-29 15:08:51,363 [Worker-12: Launching Executing clean in D__Spring Boot_Secure Social Media_linknest-api] INFO  o.eclipse.m2e.core.internal.Bundles - 	Entry: C:\Software\spring-tool-suite-4-4.28.1.RELEASE-e4.34.0-win32.win32.x86_64\sts-4.28.1.RELEASE\plugins\org.eclipse.m2e.maven.runtime_3.9.900.20250220-2013\jars\httpcore-4.4.16.jar
2025-12-29 15:08:51,363 [Worker-12: Launching Executing clean in D__Spring Boot_Secure Social Media_linknest-api] INFO  o.eclipse.m2e.core.internal.Bundles - 	Entry: C:\Software\spring-tool-suite-4-4.28.1.RELEASE-e4.34.0-win32.win32.x86_64\sts-4.28.1.RELEASE\plugins\org.eclipse.m2e.maven.runtime_3.9.900.20250220-2013\jars\jansi-2.4.1.jar
2025-12-29 15:08:51,363 [Worker-12: Launching Executing clean in D__Spring Boot_Secure Social Media_linknest-api] INFO  o.eclipse.m2e.core.internal.Bundles - 	Entry: C:\Software\spring-tool-suite-4-4.28.1.RELEASE-e4.34.0-win32.win32.x86_64\sts-4.28.1.RELEASE\plugins\org.eclipse.m2e.maven.runtime_3.9.900.20250220-2013\jars\jcl-over-slf4j-1.7.36.jar
2025-12-29 15:08:51,364 [Worker-12: Launching Executing clean in D__Spring Boot_Secure Social Media_linknest-api] INFO  o.eclipse.m2e.core.internal.Bundles - 	Entry: C:\Software\spring-tool-suite-4-4.28.1.RELEASE-e4.34.0-win32.win32.x86_64\sts-4.28.1.RELEASE\plugins\org.eclipse.m2e.maven.runtime_3.9.900.20250220-2013\jars\maven-artifact-3.9.9.jar
2025-12-29 15:08:51,364 [Worker-12: Launching Executing clean in D__Spring Boot_Secure Social Media_linknest-api] INFO  o.eclipse.m2e.core.internal.Bundles - 	Entry: C:\Software\spring-tool-suite-4-4.28.1.RELEASE-e4.34.0-win32.win32.x86_64\sts-4.28.1.RELEASE\plugins\org.eclipse.m2e.maven.runtime_3.9.900.20250220-2013\jars\maven-builder-support-3.9.9.jar
2025-12-29 15:08:51,364 [Worker-12: Launching Executing clean in D__Spring Boot_Secure Social Media_linknest-api] INFO  o.eclipse.m2e.core.internal.Bundles - 	Entry: C:\Software\spring-tool-suite-4-4.28.1.RELEASE-e4.34.0-win32.win32.x86_64\sts-4.28.1.RELEASE\plugins\org.eclipse.m2e.maven.runtime_3.9.900.20250220-2013\jars\maven-compat-3.9.9.jar
2025-12-29 15:08:51,364 [Worker-12: Launching Executing clean in D__Spring Boot_Secure Social Media_linknest-api] INFO  o.eclipse.m2e.core.internal.Bundles - 	Entry: C:\Software\spring-tool-suite-4-4.28.1.RELEASE-e4.34.0-win32.win32.x86_64\sts-4.28.1.RELEASE\plugins\org.eclipse.m2e.maven.runtime_3.9.900.20250220-2013\jars\maven-core-3.9.9.jar
2025-12-29 15:08:51,364 [Worker-12: Launching Executing clean in D__Spring Boot_Secure Social Media_linknest-api] INFO  o.eclipse.m2e.core.internal.Bundles - 	Entry: C:\Software\spring-tool-suite-4-4.28.1.RELEASE-e4.34.0-win32.win32.x86_64\sts-4.28.1.RELEASE\plugins\org.eclipse.m2e.maven.runtime_3.9.900.20250220-2013\jars\maven-embedder-3.9.9.jar
2025-12-29 15:08:51,364 [Worker-12: Launching Executing clean in D__Spring Boot_Secure Social Media_linknest-api] INFO  o.eclipse.m2e.core.internal.Bundles - 	Entry: C:\Software\spring-tool-suite-4-4.28.1.RELEASE-e4.34.0-win32.win32.x86_64\sts-4.28.1.RELEASE\plugins\org.eclipse.m2e.maven.runtime_3.9.900.20250220-2013\jars\maven-model-3.9.9.jar
2025-12-29 15:08:51,364 [Worker-12: Launching Executing clean in D__Spring Boot_Secure Social Media_linknest-api] INFO  o.eclipse.m2e.core.internal.Bundles - 	Entry: C:\Software\spring-tool-suite-4-4.28.1.RELEASE-e4.34.0-win32.win32.x86_64\sts-4.28.1.RELEASE\plugins\org.eclipse.m2e.maven.runtime_3.9.900.20250220-2013\jars\maven-model-builder-3.9.9.jar
2025-12-29 15:08:51,365 [Worker-12: Launching Executing clean in D__Spring Boot_Secure Social Media_linknest-api] INFO  o.eclipse.m2e.core.internal.Bundles - 	Entry: C:\Software\spring-tool-suite-4-4.28.1.RELEASE-e4.34.0-win32.win32.x86_64\sts-4.28.1.RELEASE\plugins\org.eclipse.m2e.maven.runtime_3.9.900.20250220-2013\jars\maven-plugin-api-3.9.9.jar
2025-12-29 15:08:51,365 [Worker-12: Launching Executing clean in D__Spring Boot_Secure Social Media_linknest-api] INFO  o.eclipse.m2e.core.internal.Bundles - 	Entry: C:\Software\spring-tool-suite-4-4.28.1.RELEASE-e4.34.0-win32.win32.x86_64\sts-4.28.1.RELEASE\plugins\org.eclipse.m2e.maven.runtime_3.9.900.20250220-2013\jars\maven-repository-metadata-3.9.9.jar
2025-12-29 15:08:51,365 [Worker-12: Launching Executing clean in D__Spring Boot_Secure Social Media_linknest-api] INFO  o.eclipse.m2e.core.internal.Bundles - 	Entry: C:\Software\spring-tool-suite-4-4.28.1.RELEASE-e4.34.0-win32.win32.x86_64\sts-4.28.1.RELEASE\plugins\org.eclipse.m2e.maven.runtime_3.9.900.20250220-2013\jars\maven-resolver-api-1.9.22.jar
2025-12-29 15:08:51,365 [Worker-12: Launching Executing clean in D__Spring Boot_Secure Social Media_linknest-api] INFO  o.eclipse.m2e.core.internal.Bundles - 	Entry: C:\Software\spring-tool-suite-4-4.28.1.RELEASE-e4.34.0-win32.win32.x86_64\sts-4.28.1.RELEASE\plugins\org.eclipse.m2e.maven.runtime_3.9.900.20250220-2013\jars\maven-resolver-connector-basic-1.9.22.jar
2025-12-29 15:08:51,365 [Worker-12: Launching Executing clean in D__Spring Boot_Secure Social Media_linknest-api] INFO  o.eclipse.m2e.core.internal.Bundles - 	Entry: C:\Software\spring-tool-suite-4-4.28.1.RELEASE-e4.34.0-win32.win32.x86_64\sts-4.28.1.RELEASE\plugins\org.eclipse.m2e.maven.runtime_3.9.900.20250220-2013\jars\maven-resolver-impl-1.9.22.jar
2025-12-29 15:08:51,365 [Worker-12: Launching Executing clean in D__Spring Boot_Secure Social Media_linknest-api] INFO  o.eclipse.m2e.core.internal.Bundles - 	Entry: C:\Software\spring-tool-suite-4-4.28.1.RELEASE-e4.34.0-win32.win32.x86_64\sts-4.28.1.RELEASE\plugins\org.eclipse.m2e.maven.runtime_3.9.900.20250220-2013\jars\maven-resolver-named-locks-1.9.22.jar
2025-12-29 15:08:51,365 [Worker-12: Launching Executing clean in D__Spring Boot_Secure Social Media_linknest-api] INFO  o.eclipse.m2e.core.internal.Bundles - 	Entry: C:\Software\spring-tool-suite-4-4.28.1.RELEASE-e4.34.0-win32.win32.x86_64\sts-4.28.1.RELEASE\plugins\org.eclipse.m2e.maven.runtime_3.9.900.20250220-2013\jars\maven-resolver-provider-3.9.9.jar
2025-12-29 15:08:51,366 [Worker-12: Launching Executing clean in D__Spring Boot_Secure Social Media_linknest-api] INFO  o.eclipse.m2e.core.internal.Bundles - 	Entry: C:\Software\spring-tool-suite-4-4.28.1.RELEASE-e4.34.0-win32.win32.x86_64\sts-4.28.1.RELEASE\plugins\org.eclipse.m2e.maven.runtime_3.9.900.20250220-2013\jars\maven-resolver-spi-1.9.22.jar
2025-12-29 15:08:51,366 [Worker-12: Launching Executing clean in D__Spring Boot_Secure Social Media_linknest-api] INFO  o.eclipse.m2e.core.internal.Bundles - 	Entry: C:\Software\spring-tool-suite-4-4.28.1.RELEASE-e4.34.0-win32.win32.x86_64\sts-4.28.1.RELEASE\plugins\org.eclipse.m2e.maven.runtime_3.9.900.20250220-2013\jars\maven-resolver-transport-file-1.9.22.jar
2025-12-29 15:08:51,366 [Worker-12: Launching Executing clean in D__Spring Boot_Secure Social Media_linknest-api] INFO  o.eclipse.m2e.core.internal.Bundles - 	Entry: C:\Software\spring-tool-suite-4-4.28.1.RELEASE-e4.34.0-win32.win32.x86_64\sts-4.28.1.RELEASE\plugins\org.eclipse.m2e.maven.runtime_3.9.900.20250220-2013\jars\maven-resolver-transport-http-1.9.22.jar
2025-12-29 15:08:51,366 [Worker-12: Launching Executing clean in D__Spring Boot_Secure Social Media_linknest-api] INFO  o.eclipse.m2e.core.internal.Bundles - 	Entry: C:\Software\spring-tool-suite-4-4.28.1.RELEASE-e4.34.0-win32.win32.x86_64\sts-4.28.1.RELEASE\plugins\org.eclipse.m2e.maven.runtime_3.9.900.20250220-2013\jars\maven-resolver-transport-wagon-1.9.22.jar
2025-12-29 15:08:51,368 [Worker-12: Launching Executing clean in D__Spring Boot_Secure Social Media_linknest-api] INFO  o.eclipse.m2e.core.internal.Bundles - 	Entry: C:\Software\spring-tool-suite-4-4.28.1.RELEASE-e4.34.0-win32.win32.x86_64\sts-4.28.1.RELEASE\plugins\org.eclipse.m2e.maven.runtime_3.9.900.20250220-2013\jars\maven-resolver-util-1.9.22.jar
2025-12-29 15:08:51,370 [Worker-12: Launching Executing clean in D__Spring Boot_Secure Social Media_linknest-api] INFO  o.eclipse.m2e.core.internal.Bundles - 	Entry: C:\Software\spring-tool-suite-4-4.28.1.RELEASE-e4.34.0-win32.win32.x86_64\sts-4.28.1.RELEASE\plugins\org.eclipse.m2e.maven.runtime_3.9.900.20250220-2013\jars\maven-settings-3.9.9.jar
2025-12-29 15:08:51,372 [Worker-12: Launching Executing clean in D__Spring Boot_Secure Social Media_linknest-api] INFO  o.eclipse.m2e.core.internal.Bundles - 	Entry: C:\Software\spring-tool-suite-4-4.28.1.RELEASE-e4.34.0-win32.win32.x86_64\sts-4.28.1.RELEASE\plugins\org.eclipse.m2e.maven.runtime_3.9.900.20250220-2013\jars\maven-settings-builder-3.9.9.jar
2025-12-29 15:08:51,373 [Worker-12: Launching Executing clean in D__Spring Boot_Secure Social Media_linknest-api] INFO  o.eclipse.m2e.core.internal.Bundles - 	Entry: C:\Software\spring-tool-suite-4-4.28.1.RELEASE-e4.34.0-win32.win32.x86_64\sts-4.28.1.RELEASE\plugins\org.eclipse.m2e.maven.runtime_3.9.900.20250220-2013\jars\maven-shared-utils-3.4.2.jar
2025-12-29 15:08:51,373 [Worker-12: Launching Executing clean in D__Spring Boot_Secure Social Media_linknest-api] INFO  o.eclipse.m2e.core.internal.Bundles - 	Entry: C:\Software\spring-tool-suite-4-4.28.1.RELEASE-e4.34.0-win32.win32.x86_64\sts-4.28.1.RELEASE\plugins\org.eclipse.m2e.maven.runtime_3.9.900.20250220-2013\jars\org.eclipse.sisu.inject-0.9.0.M3.jar
2025-12-29 15:08:51,373 [Worker-12: Launching Executing clean in D__Spring Boot_Secure Social Media_linknest-api] INFO  o.eclipse.m2e.core.internal.Bundles - 	Entry: C:\Software\spring-tool-suite-4-4.28.1.RELEASE-e4.34.0-win32.win32.x86_64\sts-4.28.1.RELEASE\plugins\org.eclipse.m2e.maven.runtime_3.9.900.20250220-2013\jars\org.eclipse.sisu.plexus-0.9.0.M3.jar
2025-12-29 15:08:51,374 [Worker-12: Launching Executing clean in D__Spring Boot_Secure Social Media_linknest-api] INFO  o.eclipse.m2e.core.internal.Bundles - 	Entry: C:\Software\spring-tool-suite-4-4.28.1.RELEASE-e4.34.0-win32.win32.x86_64\sts-4.28.1.RELEASE\plugins\org.eclipse.m2e.maven.runtime_3.9.900.20250220-2013\jars\plexus-build-api-0.0.7.jar
2025-12-29 15:08:51,375 [Worker-12: Launching Executing clean in D__Spring Boot_Secure Social Media_linknest-api] INFO  o.eclipse.m2e.core.internal.Bundles - 	Entry: C:\Software\spring-tool-suite-4-4.28.1.RELEASE-e4.34.0-win32.win32.x86_64\sts-4.28.1.RELEASE\plugins\org.eclipse.m2e.maven.runtime_3.9.900.20250220-2013\jars\plexus-build-api-1.2.0.jar
2025-12-29 15:08:51,375 [Worker-12: Launching Executing clean in D__Spring Boot_Secure Social Media_linknest-api] INFO  o.eclipse.m2e.core.internal.Bundles - 	Entry: C:\Software\spring-tool-suite-4-4.28.1.RELEASE-e4.34.0-win32.win32.x86_64\sts-4.28.1.RELEASE\plugins\org.eclipse.m2e.maven.runtime_3.9.900.20250220-2013\jars\plexus-cipher-2.0.jar
2025-12-29 15:08:51,376 [Worker-12: Launching Executing clean in D__Spring Boot_Secure Social Media_linknest-api] INFO  o.eclipse.m2e.core.internal.Bundles - 	Entry: C:\Software\spring-tool-suite-4-4.28.1.RELEASE-e4.34.0-win32.win32.x86_64\sts-4.28.1.RELEASE\plugins\org.eclipse.m2e.maven.runtime_3.9.900.20250220-2013\jars\plexus-classworlds-2.8.0.jar
2025-12-29 15:08:51,376 [Worker-12: Launching Executing clean in D__Spring Boot_Secure Social Media_linknest-api] INFO  o.eclipse.m2e.core.internal.Bundles - 	Entry: C:\Software\spring-tool-suite-4-4.28.1.RELEASE-e4.34.0-win32.win32.x86_64\sts-4.28.1.RELEASE\plugins\org.eclipse.m2e.maven.runtime_3.9.900.20250220-2013\jars\plexus-component-annotations-2.1.0.jar
2025-12-29 15:08:51,376 [Worker-12: Launching Executing clean in D__Spring Boot_Secure Social Media_linknest-api] INFO  o.eclipse.m2e.core.internal.Bundles - 	Entry: C:\Software\spring-tool-suite-4-4.28.1.RELEASE-e4.34.0-win32.win32.x86_64\sts-4.28.1.RELEASE\plugins\org.eclipse.m2e.maven.runtime_3.9.900.20250220-2013\jars\plexus-interpolation-1.27.jar
2025-12-29 15:08:51,376 [Worker-12: Launching Executing clean in D__Spring Boot_Secure Social Media_linknest-api] INFO  o.eclipse.m2e.core.internal.Bundles - 	Entry: C:\Software\spring-tool-suite-4-4.28.1.RELEASE-e4.34.0-win32.win32.x86_64\sts-4.28.1.RELEASE\plugins\org.eclipse.m2e.maven.runtime_3.9.900.20250220-2013\jars\plexus-sec-dispatcher-2.0.jar
2025-12-29 15:08:51,377 [Worker-12: Launching Executing clean in D__Spring Boot_Secure Social Media_linknest-api] INFO  o.eclipse.m2e.core.internal.Bundles - 	Entry: C:\Software\spring-tool-suite-4-4.28.1.RELEASE-e4.34.0-win32.win32.x86_64\sts-4.28.1.RELEASE\plugins\org.eclipse.m2e.maven.runtime_3.9.900.20250220-2013\jars\plexus-utils-3.5.1.jar
2025-12-29 15:08:51,377 [Worker-12: Launching Executing clean in D__Spring Boot_Secure Social Media_linknest-api] INFO  o.eclipse.m2e.core.internal.Bundles - 	Entry: C:\Software\spring-tool-suite-4-4.28.1.RELEASE-e4.34.0-win32.win32.x86_64\sts-4.28.1.RELEASE\plugins\org.eclipse.m2e.maven.runtime_3.9.900.20250220-2013\jars\plexus-xml-3.0.1.jar
2025-12-29 15:08:51,378 [Worker-12: Launching Executing clean in D__Spring Boot_Secure Social Media_linknest-api] INFO  o.eclipse.m2e.core.internal.Bundles - 	Entry: C:\Software\spring-tool-suite-4-4.28.1.RELEASE-e4.34.0-win32.win32.x86_64\sts-4.28.1.RELEASE\plugins\org.eclipse.m2e.maven.runtime_3.9.900.20250220-2013\jars\wagon-file-3.5.3.jar
2025-12-29 15:08:51,379 [Worker-12: Launching Executing clean in D__Spring Boot_Secure Social Media_linknest-api] INFO  o.eclipse.m2e.core.internal.Bundles - 	Entry: C:\Software\spring-tool-suite-4-4.28.1.RELEASE-e4.34.0-win32.win32.x86_64\sts-4.28.1.RELEASE\plugins\org.eclipse.m2e.maven.runtime_3.9.900.20250220-2013\jars\wagon-http-3.5.3.jar
2025-12-29 15:08:51,379 [Worker-12: Launching Executing clean in D__Spring Boot_Secure Social Media_linknest-api] INFO  o.eclipse.m2e.core.internal.Bundles - 	Entry: C:\Software\spring-tool-suite-4-4.28.1.RELEASE-e4.34.0-win32.win32.x86_64\sts-4.28.1.RELEASE\plugins\org.eclipse.m2e.maven.runtime_3.9.900.20250220-2013\jars\wagon-http-shared-3.5.3.jar
2025-12-29 15:08:51,379 [Worker-12: Launching Executing clean in D__Spring Boot_Secure Social Media_linknest-api] INFO  o.eclipse.m2e.core.internal.Bundles - 	Entry: C:\Software\spring-tool-suite-4-4.28.1.RELEASE-e4.34.0-win32.win32.x86_64\sts-4.28.1.RELEASE\plugins\org.eclipse.m2e.maven.runtime_3.9.900.20250220-2013\jars\wagon-provider-api-3.5.3.jar
2025-12-29 15:08:51,387 [Worker-12: Launching Executing clean in D__Spring Boot_Secure Social Media_linknest-api] INFO  o.eclipse.m2e.core.internal.Bundles - getClasspathEntries(Bundle=com.google.guava_33.4.8.jre [982])
2025-12-29 15:08:51,388 [Worker-12: Launching Executing clean in D__Spring Boot_Secure Social Media_linknest-api] INFO  o.eclipse.m2e.core.internal.Bundles - 	Entry: C:\Software\spring-tool-suite-4-4.28.1.RELEASE-e4.34.0-win32.win32.x86_64\sts-4.28.1.RELEASE\plugins\com.google.guava_33.4.8.jre.jar
2025-12-29 15:08:51,389 [Worker-12: Launching Executing clean in D__Spring Boot_Secure Social Media_linknest-api] INFO  o.eclipse.m2e.core.internal.Bundles - getClasspathEntries(Bundle=slf4j.api_2.0.17 [1342])
2025-12-29 15:08:51,389 [Worker-12: Launching Executing clean in D__Spring Boot_Secure Social Media_linknest-api] INFO  o.eclipse.m2e.core.internal.Bundles - 	Entry: C:\Software\spring-tool-suite-4-4.28.1.RELEASE-e4.34.0-win32.win32.x86_64\sts-4.28.1.RELEASE\plugins\slf4j.api_2.0.17.jar
2025-12-29 15:08:51,389 [Worker-12: Launching Executing clean in D__Spring Boot_Secure Social Media_linknest-api] INFO  o.eclipse.m2e.core.internal.Bundles - getClasspathEntries(Bundle=jakarta.inject.jakarta.inject-api_1.0.5 [45])
2025-12-29 15:08:51,389 [Worker-12: Launching Executing clean in D__Spring Boot_Secure Social Media_linknest-api] INFO  o.eclipse.m2e.core.internal.Bundles - 	Entry: C:\Software\spring-tool-suite-4-4.28.1.RELEASE-e4.34.0-win32.win32.x86_64\sts-4.28.1.RELEASE\plugins\jakarta.inject.jakarta.inject-api_1.0.5.jar
2025-12-29 15:08:51,389 [Worker-12: Launching Executing clean in D__Spring Boot_Secure Social Media_linknest-api] INFO  o.eclipse.m2e.core.internal.Bundles - getClasspathEntries(Bundle=javax.annotation_1.3.5.v20200909-1856 [987])
2025-12-29 15:08:51,391 [Worker-12: Launching Executing clean in D__Spring Boot_Secure Social Media_linknest-api] INFO  o.eclipse.m2e.core.internal.Bundles - 	Entry: C:\Software\spring-tool-suite-4-4.28.1.RELEASE-e4.34.0-win32.win32.x86_64\sts-4.28.1.RELEASE\plugins\javax.annotation_1.3.5.v20200909-1856.jar
2025-12-29 15:08:51,391 [Worker-12: Launching Executing clean in D__Spring Boot_Secure Social Media_linknest-api] INFO  o.eclipse.m2e.core.internal.Bundles - getClasspathEntries(Bundle=org.apache.commons.cli_1.9.0 [78])
2025-12-29 15:08:51,391 [Worker-12: Launching Executing clean in D__Spring Boot_Secure Social Media_linknest-api] INFO  o.eclipse.m2e.core.internal.Bundles - 	Entry: C:\Software\spring-tool-suite-4-4.28.1.RELEASE-e4.34.0-win32.win32.x86_64\sts-4.28.1.RELEASE\plugins\org.apache.commons.cli_1.9.0.jar
2025-12-29 15:08:51,391 [Worker-12: Launching Executing clean in D__Spring Boot_Secure Social Media_linknest-api] INFO  o.eclipse.m2e.core.internal.Bundles - getClasspathEntries(Bundle=org.apache.commons.commons-codec_1.16.0 [81])
2025-12-29 15:08:51,392 [Worker-12: Launching Executing clean in D__Spring Boot_Secure Social Media_linknest-api] INFO  o.eclipse.m2e.core.internal.Bundles - 	Entry: C:\Software\spring-tool-suite-4-4.28.1.RELEASE-e4.34.0-win32.win32.x86_64\sts-4.28.1.RELEASE\plugins\org.apache.commons.commons-codec_1.16.0.jar
2025-12-29 15:08:51,392 [Worker-12: Launching Executing clean in D__Spring Boot_Secure Social Media_linknest-api] INFO  o.eclipse.m2e.core.internal.Bundles - getClasspathEntries(Bundle=com.google.guava.failureaccess_1.0.3 [983])
2025-12-29 15:08:51,392 [Worker-12: Launching Executing clean in D__Spring Boot_Secure Social Media_linknest-api] INFO  o.eclipse.m2e.core.internal.Bundles - 	Entry: C:\Software\spring-tool-suite-4-4.28.1.RELEASE-e4.34.0-win32.win32.x86_64\sts-4.28.1.RELEASE\plugins\com.google.guava.failureaccess_1.0.3.jar
2025-12-29 15:08:51,398 [Worker-12: Launching Executing clean in D__Spring Boot_Secure Social Media_linknest-api] INFO  o.e.m.i.launch.MavenLaunchDelegate - Run build in "D:\Spring Boot\Secure Social Media\linknest-api":
2025-12-29 15:08:51,399 [Worker-12: Launching Executing clean in D__Spring Boot_Secure Social Media_linknest-api] INFO  o.e.m.i.launch.MavenLaunchDelegate -  mvn  -B -Dstyle.color=always clean
2025-12-29 15:08:55,373 [Worker-30: Building] INFO  o.a.m.s.f.DefaultMavenResourcesFiltering - Copying 2 resources from src\main\resources to target\classes
2025-12-29 15:08:55,377 [Worker-30: Building] INFO  o.a.m.s.f.DefaultMavenResourcesFiltering - Copying 0 resource from src\main\resources to target\classes
2025-12-29 15:08:55,381 [Worker-30: Building] INFO  o.a.m.s.f.DefaultMavenResourcesFiltering - skip non existing resourceDirectory D:\Spring Boot\Secure Social Media\linknest-api\src\test\resources
2025-12-29 15:09:05,101 [Worker-30: Launching Executing install in D__Spring Boot_Secure Social Media_linknest-api] INFO  o.eclipse.m2e.core.internal.Bundles - getClasspathEntries(Bundle=org.eclipse.m2e.maven.runtime_3.9.900.20250220-2013 [833])
2025-12-29 15:09:05,103 [Worker-30: Launching Executing install in D__Spring Boot_Secure Social Media_linknest-api] INFO  o.eclipse.m2e.core.internal.Bundles - 	Entry: C:\Software\spring-tool-suite-4-4.28.1.RELEASE-e4.34.0-win32.win32.x86_64\sts-4.28.1.RELEASE\plugins\org.eclipse.m2e.maven.runtime_3.9.900.20250220-2013
2025-12-29 15:09:05,103 [Worker-30: Launching Executing install in D__Spring Boot_Secure Social Media_linknest-api] INFO  o.eclipse.m2e.core.internal.Bundles - 	Entry: C:\Software\spring-tool-suite-4-4.28.1.RELEASE-e4.34.0-win32.win32.x86_64\sts-4.28.1.RELEASE\plugins\org.eclipse.m2e.maven.runtime_3.9.900.20250220-2013\jars\aopalliance-1.0.jar
2025-12-29 15:09:05,103 [Worker-30: Launching Executing install in D__Spring Boot_Secure Social Media_linknest-api] INFO  o.eclipse.m2e.core.internal.Bundles - 	Entry: C:\Software\spring-tool-suite-4-4.28.1.RELEASE-e4.34.0-win32.win32.x86_64\sts-4.28.1.RELEASE\plugins\org.eclipse.m2e.maven.runtime_3.9.900.20250220-2013\jars\guice-5.1.0.jar
2025-12-29 15:09:05,104 [Worker-30: Launching Executing install in D__Spring Boot_Secure Social Media_linknest-api] INFO  o.eclipse.m2e.core.internal.Bundles - 	Entry: C:\Software\spring-tool-suite-4-4.28.1.RELEASE-e4.34.0-win32.win32.x86_64\sts-4.28.1.RELEASE\plugins\org.eclipse.m2e.maven.runtime_3.9.900.20250220-2013\jars\httpclient-4.5.14.jar
2025-12-29 15:09:05,104 [Worker-30: Launching Executing install in D__Spring Boot_Secure Social Media_linknest-api] INFO  o.eclipse.m2e.core.internal.Bundles - 	Entry: C:\Software\spring-tool-suite-4-4.28.1.RELEASE-e4.34.0-win32.win32.x86_64\sts-4.28.1.RELEASE\plugins\org.eclipse.m2e.maven.runtime_3.9.900.20250220-2013\jars\httpcore-4.4.16.jar
2025-12-29 15:09:05,104 [Worker-30: Launching Executing install in D__Spring Boot_Secure Social Media_linknest-api] INFO  o.eclipse.m2e.core.internal.Bundles - 	Entry: C:\Software\spring-tool-suite-4-4.28.1.RELEASE-e4.34.0-win32.win32.x86_64\sts-4.28.1.RELEASE\plugins\org.eclipse.m2e.maven.runtime_3.9.900.20250220-2013\jars\jansi-2.4.1.jar
2025-12-29 15:09:05,104 [Worker-30: Launching Executing install in D__Spring Boot_Secure Social Media_linknest-api] INFO  o.eclipse.m2e.core.internal.Bundles - 	Entry: C:\Software\spring-tool-suite-4-4.28.1.RELEASE-e4.34.0-win32.win32.x86_64\sts-4.28.1.RELEASE\plugins\org.eclipse.m2e.maven.runtime_3.9.900.20250220-2013\jars\jcl-over-slf4j-1.7.36.jar
2025-12-29 15:09:05,105 [Worker-30: Launching Executing install in D__Spring Boot_Secure Social Media_linknest-api] INFO  o.eclipse.m2e.core.internal.Bundles - 	Entry: C:\Software\spring-tool-suite-4-4.28.1.RELEASE-e4.34.0-win32.win32.x86_64\sts-4.28.1.RELEASE\plugins\org.eclipse.m2e.maven.runtime_3.9.900.20250220-2013\jars\maven-artifact-3.9.9.jar
2025-12-29 15:09:05,105 [Worker-30: Launching Executing install in D__Spring Boot_Secure Social Media_linknest-api] INFO  o.eclipse.m2e.core.internal.Bundles - 	Entry: C:\Software\spring-tool-suite-4-4.28.1.RELEASE-e4.34.0-win32.win32.x86_64\sts-4.28.1.RELEASE\plugins\org.eclipse.m2e.maven.runtime_3.9.900.20250220-2013\jars\maven-builder-support-3.9.9.jar
2025-12-29 15:09:05,105 [Worker-30: Launching Executing install in D__Spring Boot_Secure Social Media_linknest-api] INFO  o.eclipse.m2e.core.internal.Bundles - 	Entry: C:\Software\spring-tool-suite-4-4.28.1.RELEASE-e4.34.0-win32.win32.x86_64\sts-4.28.1.RELEASE\plugins\org.eclipse.m2e.maven.runtime_3.9.900.20250220-2013\jars\maven-compat-3.9.9.jar
2025-12-29 15:09:05,106 [Worker-30: Launching Executing install in D__Spring Boot_Secure Social Media_linknest-api] INFO  o.eclipse.m2e.core.internal.Bundles - 	Entry: C:\Software\spring-tool-suite-4-4.28.1.RELEASE-e4.34.0-win32.win32.x86_64\sts-4.28.1.RELEASE\plugins\org.eclipse.m2e.maven.runtime_3.9.900.20250220-2013\jars\maven-core-3.9.9.jar
2025-12-29 15:09:05,106 [Worker-30: Launching Executing install in D__Spring Boot_Secure Social Media_linknest-api] INFO  o.eclipse.m2e.core.internal.Bundles - 	Entry: C:\Software\spring-tool-suite-4-4.28.1.RELEASE-e4.34.0-win32.win32.x86_64\sts-4.28.1.RELEASE\plugins\org.eclipse.m2e.maven.runtime_3.9.900.20250220-2013\jars\maven-embedder-3.9.9.jar
2025-12-29 15:09:05,106 [Worker-30: Launching Executing install in D__Spring Boot_Secure Social Media_linknest-api] INFO  o.eclipse.m2e.core.internal.Bundles - 	Entry: C:\Software\spring-tool-suite-4-4.28.1.RELEASE-e4.34.0-win32.win32.x86_64\sts-4.28.1.RELEASE\plugins\org.eclipse.m2e.maven.runtime_3.9.900.20250220-2013\jars\maven-model-3.9.9.jar
2025-12-29 15:09:05,106 [Worker-30: Launching Executing install in D__Spring Boot_Secure Social Media_linknest-api] INFO  o.eclipse.m2e.core.internal.Bundles - 	Entry: C:\Software\spring-tool-suite-4-4.28.1.RELEASE-e4.34.0-win32.win32.x86_64\sts-4.28.1.RELEASE\plugins\org.eclipse.m2e.maven.runtime_3.9.900.20250220-2013\jars\maven-model-builder-3.9.9.jar
2025-12-29 15:09:05,106 [Worker-30: Launching Executing install in D__Spring Boot_Secure Social Media_linknest-api] INFO  o.eclipse.m2e.core.internal.Bundles - 	Entry: C:\Software\spring-tool-suite-4-4.28.1.RELEASE-e4.34.0-win32.win32.x86_64\sts-4.28.1.RELEASE\plugins\org.eclipse.m2e.maven.runtime_3.9.900.20250220-2013\jars\maven-plugin-api-3.9.9.jar
2025-12-29 15:09:05,106 [Worker-30: Launching Executing install in D__Spring Boot_Secure Social Media_linknest-api] INFO  o.eclipse.m2e.core.internal.Bundles - 	Entry: C:\Software\spring-tool-suite-4-4.28.1.RELEASE-e4.34.0-win32.win32.x86_64\sts-4.28.1.RELEASE\plugins\org.eclipse.m2e.maven.runtime_3.9.900.20250220-2013\jars\maven-repository-metadata-3.9.9.jar
2025-12-29 15:09:05,106 [Worker-30: Launching Executing install in D__Spring Boot_Secure Social Media_linknest-api] INFO  o.eclipse.m2e.core.internal.Bundles - 	Entry: C:\Software\spring-tool-suite-4-4.28.1.RELEASE-e4.34.0-win32.win32.x86_64\sts-4.28.1.RELEASE\plugins\org.eclipse.m2e.maven.runtime_3.9.900.20250220-2013\jars\maven-resolver-api-1.9.22.jar
2025-12-29 15:09:05,107 [Worker-30: Launching Executing install in D__Spring Boot_Secure Social Media_linknest-api] INFO  o.eclipse.m2e.core.internal.Bundles - 	Entry: C:\Software\spring-tool-suite-4-4.28.1.RELEASE-e4.34.0-win32.win32.x86_64\sts-4.28.1.RELEASE\plugins\org.eclipse.m2e.maven.runtime_3.9.900.20250220-2013\jars\maven-resolver-connector-basic-1.9.22.jar
2025-12-29 15:09:05,107 [Worker-30: Launching Executing install in D__Spring Boot_Secure Social Media_linknest-api] INFO  o.eclipse.m2e.core.internal.Bundles - 	Entry: C:\Software\spring-tool-suite-4-4.28.1.RELEASE-e4.34.0-win32.win32.x86_64\sts-4.28.1.RELEASE\plugins\org.eclipse.m2e.maven.runtime_3.9.900.20250220-2013\jars\maven-resolver-impl-1.9.22.jar
2025-12-29 15:09:05,107 [Worker-30: Launching Executing install in D__Spring Boot_Secure Social Media_linknest-api] INFO  o.eclipse.m2e.core.internal.Bundles - 	Entry: C:\Software\spring-tool-suite-4-4.28.1.RELEASE-e4.34.0-win32.win32.x86_64\sts-4.28.1.RELEASE\plugins\org.eclipse.m2e.maven.runtime_3.9.900.20250220-2013\jars\maven-resolver-named-locks-1.9.22.jar
2025-12-29 15:09:05,107 [Worker-30: Launching Executing install in D__Spring Boot_Secure Social Media_linknest-api] INFO  o.eclipse.m2e.core.internal.Bundles - 	Entry: C:\Software\spring-tool-suite-4-4.28.1.RELEASE-e4.34.0-win32.win32.x86_64\sts-4.28.1.RELEASE\plugins\org.eclipse.m2e.maven.runtime_3.9.900.20250220-2013\jars\maven-resolver-provider-3.9.9.jar
2025-12-29 15:09:05,107 [Worker-30: Launching Executing install in D__Spring Boot_Secure Social Media_linknest-api] INFO  o.eclipse.m2e.core.internal.Bundles - 	Entry: C:\Software\spring-tool-suite-4-4.28.1.RELEASE-e4.34.0-win32.win32.x86_64\sts-4.28.1.RELEASE\plugins\org.eclipse.m2e.maven.runtime_3.9.900.20250220-2013\jars\maven-resolver-spi-1.9.22.jar
2025-12-29 15:09:05,107 [Worker-30: Launching Executing install in D__Spring Boot_Secure Social Media_linknest-api] INFO  o.eclipse.m2e.core.internal.Bundles - 	Entry: C:\Software\spring-tool-suite-4-4.28.1.RELEASE-e4.34.0-win32.win32.x86_64\sts-4.28.1.RELEASE\plugins\org.eclipse.m2e.maven.runtime_3.9.900.20250220-2013\jars\maven-resolver-transport-file-1.9.22.jar
2025-12-29 15:09:05,107 [Worker-30: Launching Executing install in D__Spring Boot_Secure Social Media_linknest-api] INFO  o.eclipse.m2e.core.internal.Bundles - 	Entry: C:\Software\spring-tool-suite-4-4.28.1.RELEASE-e4.34.0-win32.win32.x86_64\sts-4.28.1.RELEASE\plugins\org.eclipse.m2e.maven.runtime_3.9.900.20250220-2013\jars\maven-resolver-transport-http-1.9.22.jar
2025-12-29 15:09:05,108 [Worker-30: Launching Executing install in D__Spring Boot_Secure Social Media_linknest-api] INFO  o.eclipse.m2e.core.internal.Bundles - 	Entry: C:\Software\spring-tool-suite-4-4.28.1.RELEASE-e4.34.0-win32.win32.x86_64\sts-4.28.1.RELEASE\plugins\org.eclipse.m2e.maven.runtime_3.9.900.20250220-2013\jars\maven-resolver-transport-wagon-1.9.22.jar
2025-12-29 15:09:05,108 [Worker-30: Launching Executing install in D__Spring Boot_Secure Social Media_linknest-api] INFO  o.eclipse.m2e.core.internal.Bundles - 	Entry: C:\Software\spring-tool-suite-4-4.28.1.RELEASE-e4.34.0-win32.win32.x86_64\sts-4.28.1.RELEASE\plugins\org.eclipse.m2e.maven.runtime_3.9.900.20250220-2013\jars\maven-resolver-util-1.9.22.jar
2025-12-29 15:09:05,108 [Worker-30: Launching Executing install in D__Spring Boot_Secure Social Media_linknest-api] INFO  o.eclipse.m2e.core.internal.Bundles - 	Entry: C:\Software\spring-tool-suite-4-4.28.1.RELEASE-e4.34.0-win32.win32.x86_64\sts-4.28.1.RELEASE\plugins\org.eclipse.m2e.maven.runtime_3.9.900.20250220-2013\jars\maven-settings-3.9.9.jar
2025-12-29 15:09:05,108 [Worker-30: Launching Executing install in D__Spring Boot_Secure Social Media_linknest-api] INFO  o.eclipse.m2e.core.internal.Bundles - 	Entry: C:\Software\spring-tool-suite-4-4.28.1.RELEASE-e4.34.0-win32.win32.x86_64\sts-4.28.1.RELEASE\plugins\org.eclipse.m2e.maven.runtime_3.9.900.20250220-2013\jars\maven-settings-builder-3.9.9.jar
2025-12-29 15:09:05,108 [Worker-30: Launching Executing install in D__Spring Boot_Secure Social Media_linknest-api] INFO  o.eclipse.m2e.core.internal.Bundles - 	Entry: C:\Software\spring-tool-suite-4-4.28.1.RELEASE-e4.34.0-win32.win32.x86_64\sts-4.28.1.RELEASE\plugins\org.eclipse.m2e.maven.runtime_3.9.900.20250220-2013\jars\maven-shared-utils-3.4.2.jar
2025-12-29 15:09:05,109 [Worker-30: Launching Executing install in D__Spring Boot_Secure Social Media_linknest-api] INFO  o.eclipse.m2e.core.internal.Bundles - 	Entry: C:\Software\spring-tool-suite-4-4.28.1.RELEASE-e4.34.0-win32.win32.x86_64\sts-4.28.1.RELEASE\plugins\org.eclipse.m2e.maven.runtime_3.9.900.20250220-2013\jars\org.eclipse.sisu.inject-0.9.0.M3.jar
2025-12-29 15:09:05,109 [Worker-30: Launching Executing install in D__Spring Boot_Secure Social Media_linknest-api] INFO  o.eclipse.m2e.core.internal.Bundles - 	Entry: C:\Software\spring-tool-suite-4-4.28.1.RELEASE-e4.34.0-win32.win32.x86_64\sts-4.28.1.RELEASE\plugins\org.eclipse.m2e.maven.runtime_3.9.900.20250220-2013\jars\org.eclipse.sisu.plexus-0.9.0.M3.jar
2025-12-29 15:09:05,109 [Worker-30: Launching Executing install in D__Spring Boot_Secure Social Media_linknest-api] INFO  o.eclipse.m2e.core.internal.Bundles - 	Entry: C:\Software\spring-tool-suite-4-4.28.1.RELEASE-e4.34.0-win32.win32.x86_64\sts-4.28.1.RELEASE\plugins\org.eclipse.m2e.maven.runtime_3.9.900.20250220-2013\jars\plexus-build-api-0.0.7.jar
2025-12-29 15:09:05,109 [Worker-30: Launching Executing install in D__Spring Boot_Secure Social Media_linknest-api] INFO  o.eclipse.m2e.core.internal.Bundles - 	Entry: C:\Software\spring-tool-suite-4-4.28.1.RELEASE-e4.34.0-win32.win32.x86_64\sts-4.28.1.RELEASE\plugins\org.eclipse.m2e.maven.runtime_3.9.900.20250220-2013\jars\plexus-build-api-1.2.0.jar
2025-12-29 15:09:05,110 [Worker-30: Launching Executing install in D__Spring Boot_Secure Social Media_linknest-api] INFO  o.eclipse.m2e.core.internal.Bundles - 	Entry: C:\Software\spring-tool-suite-4-4.28.1.RELEASE-e4.34.0-win32.win32.x86_64\sts-4.28.1.RELEASE\plugins\org.eclipse.m2e.maven.runtime_3.9.900.20250220-2013\jars\plexus-cipher-2.0.jar
2025-12-29 15:09:05,110 [Worker-30: Launching Executing install in D__Spring Boot_Secure Social Media_linknest-api] INFO  o.eclipse.m2e.core.internal.Bundles - 	Entry: C:\Software\spring-tool-suite-4-4.28.1.RELEASE-e4.34.0-win32.win32.x86_64\sts-4.28.1.RELEASE\plugins\org.eclipse.m2e.maven.runtime_3.9.900.20250220-2013\jars\plexus-classworlds-2.8.0.jar
2025-12-29 15:09:05,110 [Worker-30: Launching Executing install in D__Spring Boot_Secure Social Media_linknest-api] INFO  o.eclipse.m2e.core.internal.Bundles - 	Entry: C:\Software\spring-tool-suite-4-4.28.1.RELEASE-e4.34.0-win32.win32.x86_64\sts-4.28.1.RELEASE\plugins\org.eclipse.m2e.maven.runtime_3.9.900.20250220-2013\jars\plexus-component-annotations-2.1.0.jar
2025-12-29 15:09:05,110 [Worker-30: Launching Executing install in D__Spring Boot_Secure Social Media_linknest-api] INFO  o.eclipse.m2e.core.internal.Bundles - 	Entry: C:\Software\spring-tool-suite-4-4.28.1.RELEASE-e4.34.0-win32.win32.x86_64\sts-4.28.1.RELEASE\plugins\org.eclipse.m2e.maven.runtime_3.9.900.20250220-2013\jars\plexus-interpolation-1.27.jar
2025-12-29 15:09:05,110 [Worker-30: Launching Executing install in D__Spring Boot_Secure Social Media_linknest-api] INFO  o.eclipse.m2e.core.internal.Bundles - 	Entry: C:\Software\spring-tool-suite-4-4.28.1.RELEASE-e4.34.0-win32.win32.x86_64\sts-4.28.1.RELEASE\plugins\org.eclipse.m2e.maven.runtime_3.9.900.20250220-2013\jars\plexus-sec-dispatcher-2.0.jar
2025-12-29 15:09:05,110 [Worker-30: Launching Executing install in D__Spring Boot_Secure Social Media_linknest-api] INFO  o.eclipse.m2e.core.internal.Bundles - 	Entry: C:\Software\spring-tool-suite-4-4.28.1.RELEASE-e4.34.0-win32.win32.x86_64\sts-4.28.1.RELEASE\plugins\org.eclipse.m2e.maven.runtime_3.9.900.20250220-2013\jars\plexus-utils-3.5.1.jar
2025-12-29 15:09:05,111 [Worker-30: Launching Executing install in D__Spring Boot_Secure Social Media_linknest-api] INFO  o.eclipse.m2e.core.internal.Bundles - 	Entry: C:\Software\spring-tool-suite-4-4.28.1.RELEASE-e4.34.0-win32.win32.x86_64\sts-4.28.1.RELEASE\plugins\org.eclipse.m2e.maven.runtime_3.9.900.20250220-2013\jars\plexus-xml-3.0.1.jar
2025-12-29 15:09:05,111 [Worker-30: Launching Executing install in D__Spring Boot_Secure Social Media_linknest-api] INFO  o.eclipse.m2e.core.internal.Bundles - 	Entry: C:\Software\spring-tool-suite-4-4.28.1.RELEASE-e4.34.0-win32.win32.x86_64\sts-4.28.1.RELEASE\plugins\org.eclipse.m2e.maven.runtime_3.9.900.20250220-2013\jars\wagon-file-3.5.3.jar
2025-12-29 15:09:05,111 [Worker-30: Launching Executing install in D__Spring Boot_Secure Social Media_linknest-api] INFO  o.eclipse.m2e.core.internal.Bundles - 	Entry: C:\Software\spring-tool-suite-4-4.28.1.RELEASE-e4.34.0-win32.win32.x86_64\sts-4.28.1.RELEASE\plugins\org.eclipse.m2e.maven.runtime_3.9.900.20250220-2013\jars\wagon-http-3.5.3.jar
2025-12-29 15:09:05,111 [Worker-30: Launching Executing install in D__Spring Boot_Secure Social Media_linknest-api] INFO  o.eclipse.m2e.core.internal.Bundles - 	Entry: C:\Software\spring-tool-suite-4-4.28.1.RELEASE-e4.34.0-win32.win32.x86_64\sts-4.28.1.RELEASE\plugins\org.eclipse.m2e.maven.runtime_3.9.900.20250220-2013\jars\wagon-http-shared-3.5.3.jar
2025-12-29 15:09:05,112 [Worker-30: Launching Executing install in D__Spring Boot_Secure Social Media_linknest-api] INFO  o.eclipse.m2e.core.internal.Bundles - 	Entry: C:\Software\spring-tool-suite-4-4.28.1.RELEASE-e4.34.0-win32.win32.x86_64\sts-4.28.1.RELEASE\plugins\org.eclipse.m2e.maven.runtime_3.9.900.20250220-2013\jars\wagon-provider-api-3.5.3.jar
2025-12-29 15:09:05,112 [Worker-30: Launching Executing install in D__Spring Boot_Secure Social Media_linknest-api] INFO  o.eclipse.m2e.core.internal.Bundles - getClasspathEntries(Bundle=com.google.guava_33.4.8.jre [982])
2025-12-29 15:09:05,113 [Worker-30: Launching Executing install in D__Spring Boot_Secure Social Media_linknest-api] INFO  o.eclipse.m2e.core.internal.Bundles - 	Entry: C:\Software\spring-tool-suite-4-4.28.1.RELEASE-e4.34.0-win32.win32.x86_64\sts-4.28.1.RELEASE\plugins\com.google.guava_33.4.8.jre.jar
2025-12-29 15:09:05,113 [Worker-30: Launching Executing install in D__Spring Boot_Secure Social Media_linknest-api] INFO  o.eclipse.m2e.core.internal.Bundles - getClasspathEntries(Bundle=slf4j.api_2.0.17 [1342])
2025-12-29 15:09:05,113 [Worker-30: Launching Executing install in D__Spring Boot_Secure Social Media_linknest-api] INFO  o.eclipse.m2e.core.internal.Bundles - 	Entry: C:\Software\spring-tool-suite-4-4.28.1.RELEASE-e4.34.0-win32.win32.x86_64\sts-4.28.1.RELEASE\plugins\slf4j.api_2.0.17.jar
2025-12-29 15:09:05,113 [Worker-30: Launching Executing install in D__Spring Boot_Secure Social Media_linknest-api] INFO  o.eclipse.m2e.core.internal.Bundles - getClasspathEntries(Bundle=jakarta.inject.jakarta.inject-api_1.0.5 [45])
2025-12-29 15:09:05,114 [Worker-30: Launching Executing install in D__Spring Boot_Secure Social Media_linknest-api] INFO  o.eclipse.m2e.core.internal.Bundles - 	Entry: C:\Software\spring-tool-suite-4-4.28.1.RELEASE-e4.34.0-win32.win32.x86_64\sts-4.28.1.RELEASE\plugins\jakarta.inject.jakarta.inject-api_1.0.5.jar
2025-12-29 15:09:05,114 [Worker-30: Launching Executing install in D__Spring Boot_Secure Social Media_linknest-api] INFO  o.eclipse.m2e.core.internal.Bundles - getClasspathEntries(Bundle=javax.annotation_1.3.5.v20200909-1856 [987])
2025-12-29 15:09:05,114 [Worker-30: Launching Executing install in D__Spring Boot_Secure Social Media_linknest-api] INFO  o.eclipse.m2e.core.internal.Bundles - 	Entry: C:\Software\spring-tool-suite-4-4.28.1.RELEASE-e4.34.0-win32.win32.x86_64\sts-4.28.1.RELEASE\plugins\javax.annotation_1.3.5.v20200909-1856.jar
2025-12-29 15:09:05,114 [Worker-30: Launching Executing install in D__Spring Boot_Secure Social Media_linknest-api] INFO  o.eclipse.m2e.core.internal.Bundles - getClasspathEntries(Bundle=org.apache.commons.cli_1.9.0 [78])
2025-12-29 15:09:05,115 [Worker-30: Launching Executing install in D__Spring Boot_Secure Social Media_linknest-api] INFO  o.eclipse.m2e.core.internal.Bundles - 	Entry: C:\Software\spring-tool-suite-4-4.28.1.RELEASE-e4.34.0-win32.win32.x86_64\sts-4.28.1.RELEASE\plugins\org.apache.commons.cli_1.9.0.jar
2025-12-29 15:09:05,115 [Worker-30: Launching Executing install in D__Spring Boot_Secure Social Media_linknest-api] INFO  o.eclipse.m2e.core.internal.Bundles - getClasspathEntries(Bundle=org.apache.commons.commons-codec_1.16.0 [81])
2025-12-29 15:09:05,116 [Worker-30: Launching Executing install in D__Spring Boot_Secure Social Media_linknest-api] INFO  o.eclipse.m2e.core.internal.Bundles - 	Entry: C:\Software\spring-tool-suite-4-4.28.1.RELEASE-e4.34.0-win32.win32.x86_64\sts-4.28.1.RELEASE\plugins\org.apache.commons.commons-codec_1.16.0.jar
2025-12-29 15:09:05,117 [Worker-30: Launching Executing install in D__Spring Boot_Secure Social Media_linknest-api] INFO  o.eclipse.m2e.core.internal.Bundles - getClasspathEntries(Bundle=com.google.guava.failureaccess_1.0.3 [983])
2025-12-29 15:09:05,118 [Worker-30: Launching Executing install in D__Spring Boot_Secure Social Media_linknest-api] INFO  o.eclipse.m2e.core.internal.Bundles - 	Entry: C:\Software\spring-tool-suite-4-4.28.1.RELEASE-e4.34.0-win32.win32.x86_64\sts-4.28.1.RELEASE\plugins\com.google.guava.failureaccess_1.0.3.jar
2025-12-29 15:09:05,119 [Worker-30: Launching Executing install in D__Spring Boot_Secure Social Media_linknest-api] INFO  o.e.m.i.launch.MavenLaunchDelegate - Run build in "D:\Spring Boot\Secure Social Media\linknest-api":
2025-12-29 15:09:05,119 [Worker-30: Launching Executing install in D__Spring Boot_Secure Social Media_linknest-api] INFO  o.e.m.i.launch.MavenLaunchDelegate -  mvn  -B -Dstyle.color=always install
2025-12-29 15:12:12,074 [Worker-27: Building] INFO  o.a.m.s.f.DefaultMavenResourcesFiltering - Copying 1 resource from src\main\resources to target\classes
2025-12-29 15:12:12,094 [Worker-27: Building] INFO  o.a.m.s.f.DefaultMavenResourcesFiltering - Copying 0 resource from src\main\resources to target\classes
2025-12-29 15:12:12,101 [Worker-27: Building] INFO  o.a.m.s.f.DefaultMavenResourcesFiltering - skip non existing resourceDirectory D:\Spring Boot\Secure Social Media\linknest-api\src\test\resources
2025-12-29 15:12:28,914 [Worker-27: Building] INFO  o.a.m.s.f.DefaultMavenResourcesFiltering - Copying 1 resource from src\main\resources to target\classes
2025-12-29 15:12:28,941 [Worker-27: Building] INFO  o.a.m.s.f.DefaultMavenResourcesFiltering - Copying 0 resource from src\main\resources to target\classes
2025-12-29 15:12:28,948 [Worker-27: Building] INFO  o.a.m.s.f.DefaultMavenResourcesFiltering - skip non existing resourceDirectory D:\Spring Boot\Secure Social Media\linknest-api\src\test\resources
2025-12-29 15:27:37,160 [Worker-25: Building] INFO  o.a.m.s.f.DefaultMavenResourcesFiltering - Copying 1 resource from src\main\resources to target\classes
2025-12-29 15:27:37,196 [Worker-25: Building] INFO  o.a.m.s.f.DefaultMavenResourcesFiltering - Copying 0 resource from src\main\resources to target\classes
2025-12-29 15:27:37,201 [Worker-25: Building] INFO  o.a.m.s.f.DefaultMavenResourcesFiltering - skip non existing resourceDirectory D:\Spring Boot\Secure Social Media\linknest-api\src\test\resources
